[2025-11-19 21:02:33.105] [INFO] Process 2 initialized
[2025-11-19 21:02:33.105] [INFO] Vector Clock: [0, 0, 0]
[2025-11-19 21:02:33.105] [INFO] Server started on localhost:5002
[2025-11-19 21:02:33.106] [INFO] Receiver thread started
[2025-11-19 21:02:33.106] [INFO] Sender thread started for P0
[2025-11-19 21:02:33.106] [INFO] Sender thread started for P1
[2025-11-19 21:02:33.106] [INFO] Started 2 sender threads
[2025-11-19 21:02:33.689] [INFO] [RECEIVED] Msg#1 P1 → P2 with TS=[1, 3, 0], MSG_QUEUE=[[1, 2, 0], 0, 0]
[2025-11-19 21:02:33.689] [INFO] [✓ DELIVERED] Msg#1 P1 → P2, VC: [0, 0, 0] → [1, 3, 1], msg_queue: [[1, 2, 0], 0, 0] → [[1, 2, 0], 0, 0]
[2025-11-19 21:02:36.108] [INFO] [→ SENT] Msg#1 P2 → P1, TS=[1, 3, 3], queue=[[1, 3, 2], 0, 0]
[2025-11-19 21:02:36.108] [INFO] [→ SENT] Msg#1 P2 → P0, TS=[1, 3, 2], queue=[[1, 2, 0], 0, 0]
[2025-11-19 21:03:05.456] [INFO] [→ SENT] Msg#2 P2 → P1, TS=[1, 3, 4], queue=[[1, 3, 2], [1, 3, 3], 0]
[2025-11-19 21:03:08.788] [INFO] [RECEIVED] Msg#2 P1 → P2 with TS=[5, 7, 4], MSG_QUEUE=[[1, 3, 2], 0, [2, 3, 0]]
[2025-11-19 21:03:08.788] [DEBUG] Cannot deliver Msg#2 P1 → P2: VC=[1, 3, 4] < MSG_QUEUE[2]=[2, 3, 0]
[2025-11-19 21:03:08.788] [WARNING] ⏸ BUFFERED Msg#2 P1 → P2
[2025-11-19 21:03:20.862] [INFO] [→ SENT] Msg#2 P2 → P0, TS=[1, 3, 5], queue=[[1, 3, 2], [1, 3, 4], 0]
[2025-11-19 21:03:37.473] [INFO] [→ SENT] Msg#3 P2 → P1, TS=[1, 3, 6], queue=[[1, 3, 5], [1, 3, 4], 0]
[2025-11-19 21:03:44.139] [INFO] [RECEIVED] Msg#3 P1 → P2 with TS=[5, 11, 6], MSG_QUEUE=[[5, 9, 5], 0, [5, 7, 4]]
[2025-11-19 21:03:44.140] [DEBUG] Cannot deliver Msg#3 P1 → P2: VC=[1, 3, 6] < MSG_QUEUE[2]=[5, 7, 4]
[2025-11-19 21:03:44.140] [WARNING] ⏸ BUFFERED Msg#3 P1 → P2
[2025-11-19 21:03:50.869] [INFO] [→ SENT] Msg#3 P2 → P0, TS=[1, 3, 7], queue=[[1, 3, 5], [1, 3, 6], 0]
[2025-11-19 21:04:14.158] [INFO] Sender thread completed for P0
[2025-11-19 21:04:29.535] [INFO] Sender thread completed for P1
[2025-11-19 21:04:29.535] [INFO] All senders completed, waiting for remaining messages...
[2025-11-19 21:04:34.536] [INFO] Shutting down...
[2025-11-19 21:04:34.536] [INFO] Process terminated
