[2025-11-19 22:33:59.794] [INFO] Process 0 initialized
[2025-11-19 22:33:59.795] [INFO] Vector Clock: [0, 0]
[2025-11-19 22:33:59.795] [INFO] Server started on localhost:5000
[2025-11-19 22:33:59.795] [INFO] Receiver thread started
[2025-11-19 22:33:59.795] [WARNING] Cannot connect to P1, retrying in 2.0s...
[2025-11-19 22:34:01.796] [WARNING] Cannot connect to P1, retrying in 2.0s...
[2025-11-19 22:34:03.797] [WARNING] Cannot connect to P1, retrying in 2.0s...
[2025-11-19 22:34:05.798] [INFO] Handshake successful with P1
[2025-11-19 22:34:05.798] [INFO] Sender thread started for P1
[2025-11-19 22:34:05.798] [INFO] Started 1 sender threads
[2025-11-19 22:34:07.512] [INFO] [RECEIVED] Msg#1 P1 → P0 with TS=[0, 1], MSG_QUEUE=[0, 0]
[2025-11-19 22:34:07.512] [INFO] MSG_queue update: [0, 0] →  [0, 0]
[2025-11-19 22:34:07.512] [INFO] [✓ DELIVERED] Msg#1 P1 → P0, VC: [0, 0] → [1, 1]
[2025-11-19 22:34:08.800] [INFO] [→ SENT] Msg#1 P0 → P1, TS=[2, 1], queue=[0, 0]
[2025-11-19 22:34:09.513] [INFO] [RECEIVED] Msg#2 P1 → P0 with TS=[2, 3], MSG_QUEUE=[[0, 1], 0]
[2025-11-19 22:34:09.514] [INFO] MSG_queue update: [0, [2, 1]] →  [0, [2, 1]]
[2025-11-19 22:34:09.514] [INFO] [✓ DELIVERED] Msg#2 P1 → P0, VC: [2, 1] → [3, 3]
[2025-11-19 22:34:10.801] [INFO] [→ SENT] Msg#2 P0 → P1, TS=[4, 3], queue=[0, [2, 1]]
[2025-11-19 22:34:11.515] [INFO] [RECEIVED] Msg#3 P1 → P0 with TS=[4, 5], MSG_QUEUE=[[2, 3], 0]
[2025-11-19 22:34:11.515] [INFO] MSG_queue update: [0, [4, 3]] →  [0, [4, 3]]
[2025-11-19 22:34:11.515] [INFO] [✓ DELIVERED] Msg#3 P1 → P0, VC: [4, 3] → [5, 5]
[2025-11-19 22:34:12.802] [INFO] [→ SENT] Msg#3 P0 → P1, TS=[6, 5], queue=[0, [4, 3]]
[2025-11-19 22:34:14.802] [INFO] Sender thread completed for P1
[2025-11-19 22:34:14.802] [INFO] All senders completed, waiting for remaining messages...
[2025-11-19 22:34:19.803] [INFO] Shutting down...
[2025-11-19 22:34:19.803] [INFO] Process terminated
